\BOOKMARK [0][-]{chapter*.5}{Introduzione}{}% 1
\BOOKMARK [0][-]{chapter.1}{Tax planning and BEPS: a transportation model for optimal profit allocation}{}% 2
\BOOKMARK [1][-]{section.1.1}{Introduction}{chapter.1}% 3
\BOOKMARK [1][-]{section.1.2}{Multi-criteria decision analysis}{chapter.1}% 4
\BOOKMARK [1][-]{section.1.3}{A state-of-the-art review: Goal Programming}{chapter.1}% 5
\BOOKMARK [2][-]{subsection.1.3.1}{Application in Accounting}{section.1.3}% 6
\BOOKMARK [1][-]{section.1.4}{Model formulation}{chapter.1}% 7
\BOOKMARK [2][-]{subsection.1.4.1}{Data used to formulate the model}{section.1.4}% 8
\BOOKMARK [2][-]{subsection.1.4.2}{Objectives}{section.1.4}% 9
\BOOKMARK [2][-]{section*.12}{Profit splitthe reference to the equations should be modified}{section.1.4}% 10
\BOOKMARK [2][-]{subsection.1.4.4}{Constraints}{section.1.4}% 11
\BOOKMARK [2][-]{subsection.1.4.5}{Goal Programming Model}{section.1.4}% 12
\BOOKMARK [1][-]{section.1.5}{Mathematical simulation: a case study}{chapter.1}% 13
\BOOKMARK [2][-]{subsection.1.5.1}{Sensitivity analysis}{section.1.5}% 14
\BOOKMARK [2][-]{subsection.1.5.2}{Analytical Hierarchical Process for weight determination}{section.1.5}% 15
\BOOKMARK [2][-]{subsection.1.5.3}{Final remarks}{section.1.5}% 16
\BOOKMARK [0][-]{chapter.2}{A Green Supply Chain transportation model: integrating closed loop logistics features}{}% 17
\BOOKMARK [1][-]{section.2.1}{Introduction}{chapter.2}% 18
\BOOKMARK [1][-]{section.2.2}{Green Supply Chain}{chapter.2}% 19
\BOOKMARK [2][-]{subsection.2.2.1}{The legal framework: a European perspective}{section.2.2}% 20
\BOOKMARK [1][-]{section.2.3}{A state-of-the-art review: mathematical modeling in SCM}{chapter.2}% 21
\BOOKMARK [2][-]{subsection.2.3.1}{Stochastic Optimization: a Goal Programming perspective}{section.2.3}% 22
\BOOKMARK [2][-]{subsection.2.3.2}{Fuzzy Goal Programming}{section.2.3}% 23
\BOOKMARK [1][-]{section.2.4}{Model formulation}{chapter.2}% 24
\BOOKMARK [2][-]{subsection.2.4.1}{Open Loop Supply Chain}{section.2.4}% 25
\BOOKMARK [2][-]{subsection.2.4.2}{Closed Loop Supply Chain}{section.2.4}% 26
\BOOKMARK [2][-]{subsection.2.4.3}{The Goal Programming model}{section.2.4}% 27
\BOOKMARK [1][-]{section.2.5}{Results and Conclusion}{chapter.2}% 28
\BOOKMARK [2][-]{subsection.2.5.1}{Sensitivity analysis}{section.2.5}% 29
\BOOKMARK [2][-]{subsection.2.5.2}{Final remarks}{section.2.5}% 30
\BOOKMARK [0][-]{chapter*.20}{Introduzione}{}% 31
\BOOKMARK [0][-]{chapter*.20}{Bibliografia}{}% 32
