\BOOKMARK [0][-]{chapter*.6}{Introduction}{}% 1
\BOOKMARK [0][-]{chapter.1}{Tax\040planning\040and\040Base\040Erosion\040and\040Profit\040Shifting:\040a\040transportation\040model\040for\040optimal\040profit\040allocation}{}% 2
\BOOKMARK [1][-]{section.1.1}{Scope\040of\040work}{chapter.1}% 3
\BOOKMARK [1][-]{section.1.2}{A\040state-of-the-art\040review:\040Goal\040Programming}{chapter.1}% 4
\BOOKMARK [2][-]{subsection.1.2.1}{Application\040in\040Accounting}{section.1.2}% 5
\BOOKMARK [1][-]{section.1.3}{Model\040formulation}{chapter.1}% 6
\BOOKMARK [2][-]{subsection.1.3.1}{Data\040used\040to\040formulate\040the\040model}{section.1.3}% 7
\BOOKMARK [2][-]{subsection.1.3.2}{Objectives}{section.1.3}% 8
\BOOKMARK [2][-]{subsection.1.3.3}{Profit\040split}{section.1.3}% 9
\BOOKMARK [2][-]{subsection.1.3.4}{Constraints}{section.1.3}% 10
\BOOKMARK [2][-]{subsection.1.3.5}{Goal\040Programming\040Model}{section.1.3}% 11
\BOOKMARK [1][-]{section.1.4}{Mathematical\040simulation:\040a\040case\040study}{chapter.1}% 12
\BOOKMARK [2][-]{subsection.1.4.1}{Sensitivity\040analysis}{section.1.4}% 13
\BOOKMARK [2][-]{subsection.1.4.2}{Analytical\040Hierarchical\040Process\040for\040weight\040determination}{section.1.4}% 14
\BOOKMARK [2][-]{subsection.1.4.3}{Final\040remarks}{section.1.4}% 15
\BOOKMARK [0][-]{chapter.2}{A\040Green\040Supply\040Chain\040transportation\040model:\040integrating\040closed\040loop\040logistics\040features}{}% 16
\BOOKMARK [1][-]{section.2.1}{Scope\040of\040work}{chapter.2}% 17
\BOOKMARK [1][-]{section.2.2}{Green\040Supply\040Chain}{chapter.2}% 18
\BOOKMARK [2][-]{subsection.2.2.1}{The\040legal\040framework:\040an\040European\040perspective}{section.2.2}% 19
\BOOKMARK [1][-]{section.2.3}{A\040state-of-the-art\040review:\040mathematical\040modeling\040in\040SCM}{chapter.2}% 20
\BOOKMARK [2][-]{subsection.2.3.1}{Stochastic\040Optimization:\040a\040Goal\040Programming\040perspective}{section.2.3}% 21
\BOOKMARK [2][-]{subsection.2.3.2}{Fuzzy\040Goal\040Programming}{section.2.3}% 22
\BOOKMARK [1][-]{section.2.4}{Model\040formulation}{chapter.2}% 23
\BOOKMARK [2][-]{subsection.2.4.1}{Open\040Loop\040Supply\040Chain}{section.2.4}% 24
\BOOKMARK [2][-]{subsection.2.4.2}{Closed\040Loop\040Supply\040Chain}{section.2.4}% 25
\BOOKMARK [2][-]{subsection.2.4.3}{The\040Goal\040Programming\040model}{section.2.4}% 26
\BOOKMARK [1][-]{section.2.5}{Results\040and\040Conclusion}{chapter.2}% 27
\BOOKMARK [2][-]{subsection.2.5.1}{Sensitivity\040analysis}{section.2.5}% 28
\BOOKMARK [2][-]{subsection.2.5.2}{Final\040remarks}{section.2.5}% 29
\BOOKMARK [0][-]{chapter*.21}{Conclusion}{}% 30
\BOOKMARK [0][-]{section*.23}{Appendices}{}% 31
\BOOKMARK [0][-]{Appendix.1.A}{Profit\040allocation\040model\040code}{}% 32
\BOOKMARK [0][-]{Appendix.1.B}{Green\040Supply\040Chain\040model\040code}{}% 33
